  Source.cpp
c:\users\rishar\source\repos\agenda repositorio\calculadora\1\source.cpp(35): error C2664: 'HWND CreateDialogParamA(HINSTANCE,LPCSTR,HWND,DLGPROC,LPARAM)': el argumento 4 no puede convertirse de 'BOOL (__cdecl *)(HWND,UINT,WPARAM,LPARAM)' a 'DLGPROC'
  c:\users\rishar\source\repos\agenda repositorio\calculadora\1\source.cpp(35): note: Ninguna de las funciones con este nombre en el ámbito coincide con el tipo de destino
c:\users\rishar\source\repos\agenda repositorio\calculadora\1\source.cpp(92): warning C4244: 'argumento': conversión de '__int64' a 'int'; posible pérdida de datos
c:\users\rishar\source\repos\agenda repositorio\calculadora\1\source.cpp(100): warning C4244: 'argumento': conversión de '__int64' a 'int'; posible pérdida de datos
c:\users\rishar\source\repos\agenda repositorio\calculadora\1\source.cpp(108): warning C4244: 'argumento': conversión de '__int64' a 'int'; posible pérdida de datos
c:\users\rishar\source\repos\agenda repositorio\calculadora\1\source.cpp(116): warning C4244: 'argumento': conversión de '__int64' a 'int'; posible pérdida de datos
c:\users\rishar\source\repos\agenda repositorio\calculadora\1\source.cpp(124): warning C4244: 'argumento': conversión de '__int64' a 'int'; posible pérdida de datos
c:\users\rishar\source\repos\agenda repositorio\calculadora\1\source.cpp(132): warning C4244: 'argumento': conversión de '__int64' a 'int'; posible pérdida de datos
c:\users\rishar\source\repos\agenda repositorio\calculadora\1\source.cpp(140): warning C4244: 'argumento': conversión de '__int64' a 'int'; posible pérdida de datos
c:\users\rishar\source\repos\agenda repositorio\calculadora\1\source.cpp(148): warning C4244: 'argumento': conversión de '__int64' a 'int'; posible pérdida de datos
c:\users\rishar\source\repos\agenda repositorio\calculadora\1\source.cpp(156): warning C4244: 'argumento': conversión de '__int64' a 'int'; posible pérdida de datos
c:\users\rishar\source\repos\agenda repositorio\calculadora\1\source.cpp(164): warning C4244: 'argumento': conversión de '__int64' a 'int'; posible pérdida de datos
c:\users\rishar\source\repos\agenda repositorio\calculadora\1\source.cpp(262): warning C4244: '=': conversión de '__int64' a 'double'; posible pérdida de datos
c:\users\rishar\source\repos\agenda repositorio\calculadora\1\source.cpp(285): warning C4244: 'argumento': conversión de 'double' a 'int'; posible pérdida de datos
c:\users\rishar\source\repos\agenda repositorio\calculadora\1\source.cpp(294): warning C4244: 'argumento': conversión de 'double' a 'int'; posible pérdida de datos
c:\users\rishar\source\repos\agenda repositorio\calculadora\1\source.cpp(303): warning C4244: 'argumento': conversión de 'double' a 'int'; posible pérdida de datos
c:\users\rishar\source\repos\agenda repositorio\calculadora\1\source.cpp(323): error C2664: 'INT_PTR DialogBoxParamA(HINSTANCE,LPCSTR,HWND,DLGPROC,LPARAM)': el argumento 4 no puede convertirse de 'BOOL (__cdecl *)(HWND,UINT,WPARAM,LPARAM)' a 'DLGPROC'
  c:\users\rishar\source\repos\agenda repositorio\calculadora\1\source.cpp(323): note: Ninguna de las funciones con este nombre en el ámbito coincide con el tipo de destino
c:\users\rishar\source\repos\agenda repositorio\calculadora\1\source.cpp(328): error C2664: 'HWND CreateDialogParamA(HINSTANCE,LPCSTR,HWND,DLGPROC,LPARAM)': el argumento 4 no puede convertirse de 'BOOL (__cdecl *)(HWND,UINT,WPARAM,LPARAM)' a 'DLGPROC'
  c:\users\rishar\source\repos\agenda repositorio\calculadora\1\source.cpp(328): note: Ninguna de las funciones con este nombre en el ámbito coincide con el tipo de destino
